<?xml version="1.0" encoding="UTF-8"?>
<!-- Generated by org.testng.reporters.JUnitReportReporter -->
<testsuite hostname="2012-20150403HL" name="com.allinmd.android.RegPhoneAuthCase" tests="3" failures="1" timestamp="20 Aug 2015 08:47:57 GMT" time="98.972" errors="0">
  <testcase name="regPhone" time="35.781" classname="com.allinmd.android.RegPhoneAuthCase"/>
  <testcase name="regAuthEmail" time="58.102" classname="com.allinmd.android.RegPhoneAuthCase">
    <failure type="org.openqa.selenium.NoSuchElementException" message="An element could not be located on the page using the given search parameters. (WARNING: The server did not provide any stacktrace information)
Command duration or timeout: 15.27 seconds
For documentation on this error, please visit: http://seleniumhq.org/exceptions/no_such_element.html
Build info: version: &#039;2.45.0&#039;, revision: &#039;32a636c&#039;, time: &#039;2015-03-05 22:01:35&#039;
System info: host: &#039;2012-20150403HL&#039;, ip: &#039;192.168.164.1&#039;, os.name: &#039;Windows 7&#039;, os.arch: &#039;amd64&#039;, os.version: &#039;6.1&#039;, java.version: &#039;1.7.0_25&#039;
*** Element info: {Using=xpath, value=//*[contains(@text,&#039;全部&#039;)]}
Session ID: 8ccd6aa1-7098-4f8d-b796-ce93ac452c5c
Driver info: io.appium.java_client.android.AndroidDriver
Capabilities [{platform=LINUX, javascriptEnabled=true, appActivity=.loading.BootingActivity, browserName=Android, networkConnectionEnabled=true, udid=P4M7N15430018890, desired={platformVersion=4.4.2, deviceName=HUAWEI_MT7_TL00, platformName=Android, appActivity=.loading.BootingActivity, unicodeKeyboard=true, resetKeyboard=true, udid=P4M7N15430018890, appPackage=com.allin.social}, locationContextEnabled=false, appPackage=com.allin.social, platformVersion=4.4.2, databaseEnabled=false, platformName=Android, deviceName=P4M7N15430018890, webStorageEnabled=false, unicodeKeyboard=true, resetKeyboard=true, warnings={}, takesScreenshot=true}]">
      <![CDATA[org.openqa.selenium.NoSuchElementException: An element could not be located on the page using the given search parameters. (WARNING: The server did not provide any stacktrace information)
Command duration or timeout: 15.27 seconds
For documentation on this error, please visit: http://seleniumhq.org/exceptions/no_such_element.html
Build info: version: '2.45.0', revision: '32a636c', time: '2015-03-05 22:01:35'
System info: host: '2012-20150403HL', ip: '192.168.164.1', os.name: 'Windows 7', os.arch: 'amd64', os.version: '6.1', java.version: '1.7.0_25'
*** Element info: {Using=xpath, value=//*[contains(@text,'全部')]}
Session ID: 8ccd6aa1-7098-4f8d-b796-ce93ac452c5c
Driver info: io.appium.java_client.android.AndroidDriver
Capabilities [{platform=LINUX, javascriptEnabled=true, appActivity=.loading.BootingActivity, browserName=Android, networkConnectionEnabled=true, udid=P4M7N15430018890, desired={platformVersion=4.4.2, deviceName=HUAWEI_MT7_TL00, platformName=Android, appActivity=.loading.BootingActivity, unicodeKeyboard=true, resetKeyboard=true, udid=P4M7N15430018890, appPackage=com.allin.social}, locationContextEnabled=false, appPackage=com.allin.social, platformVersion=4.4.2, databaseEnabled=false, platformName=Android, deviceName=P4M7N15430018890, webStorageEnabled=false, unicodeKeyboard=true, resetKeyboard=true, warnings={}, takesScreenshot=true}]
	at sun.reflect.NativeConstructorAccessorImpl.newInstance0(Native Method)
	at sun.reflect.NativeConstructorAccessorImpl.newInstance(Unknown Source)
	at sun.reflect.DelegatingConstructorAccessorImpl.newInstance(Unknown Source)
	at java.lang.reflect.Constructor.newInstance(Unknown Source)
	at org.openqa.selenium.remote.ErrorHandler.createThrowable(ErrorHandler.java:204)
	at org.openqa.selenium.remote.ErrorHandler.throwIfResponseFailed(ErrorHandler.java:156)
	at org.openqa.selenium.remote.RemoteWebDriver.execute(RemoteWebDriver.java:599)
	at io.appium.java_client.AppiumDriver.execute(AppiumDriver.java:180)
	at org.openqa.selenium.remote.RemoteWebDriver.findElement(RemoteWebDriver.java:352)
	at org.openqa.selenium.remote.RemoteWebDriver.findElementByXPath(RemoteWebDriver.java:449)
	at org.openqa.selenium.By$ByXPath.findElement(By.java:357)
	at org.openqa.selenium.remote.RemoteWebDriver.findElement(RemoteWebDriver.java:344)
	at sun.reflect.GeneratedMethodAccessor7.invoke(Unknown Source)
	at sun.reflect.DelegatingMethodAccessorImpl.invoke(Unknown Source)
	at java.lang.reflect.Method.invoke(Unknown Source)
	at org.openqa.selenium.support.events.EventFiringWebDriver$2.invoke(EventFiringWebDriver.java:101)
	at com.sun.proxy.$Proxy9.findElement(Unknown Source)
	at org.openqa.selenium.support.events.EventFiringWebDriver.findElement(EventFiringWebDriver.java:184)
	at org.openqa.selenium.support.pagefactory.DefaultElementLocator.findElement(DefaultElementLocator.java:59)
	at org.openqa.selenium.support.pagefactory.internal.LocatingElementHandler.invoke(LocatingElementHandler.java:37)
	at com.sun.proxy.$Proxy11.click(Unknown Source)
	at com.allinmd.po.AuthFlowElements.doctorCer(AuthFlowElements.java:145)
	at com.allinmd.android.RegPhoneAuthCase.regAuthEmail(RegPhoneAuthCase.java:66)
	at sun.reflect.NativeMethodAccessorImpl.invoke0(Native Method)
	at sun.reflect.NativeMethodAccessorImpl.invoke(Unknown Source)
	at sun.reflect.DelegatingMethodAccessorImpl.invoke(Unknown Source)
	at java.lang.reflect.Method.invoke(Unknown Source)
	at org.testng.internal.MethodInvocationHelper.invokeMethod(MethodInvocationHelper.java:84)
	at org.testng.internal.InvokeMethodRunnable.runOne(InvokeMethodRunnable.java:46)
	at org.testng.internal.InvokeMethodRunnable.run(InvokeMethodRunnable.java:37)
	at java.util.concurrent.Executors$RunnableAdapter.call(Unknown Source)
	at java.util.concurrent.FutureTask$Sync.innerRun(Unknown Source)
	at java.util.concurrent.FutureTask.run(Unknown Source)
	at java.util.concurrent.ThreadPoolExecutor.runWorker(Unknown Source)
	at java.util.concurrent.ThreadPoolExecutor$Worker.run(Unknown Source)
	at java.lang.Thread.run(Unknown Source)
]]>
    </failure>
  </testcase> <!-- regAuthEmail -->
  <testcase name="assertRegButton" time="5.089" classname="com.allinmd.android.RegPhoneAuthCase"/>
</testsuite> <!-- com.allinmd.android.RegPhoneAuthCase -->
