<?xml version="1.0" encoding="UTF-8"?>
<!-- Generated by org.testng.reporters.JUnitReportReporter -->
<testsuite hostname="2012-20150403HL" name="com.allinmd.android.NotAuthCaseAccessCase" tests="2" failures="2" timestamp="17 Sep 2015 08:58:16 GMT" time="199.034" errors="0">
  <testcase name="authAllmd" time="103.048" classname="com.allinmd.android.NotAuthCaseAccessCase">
    <failure type="org.openqa.selenium.NoSuchElementException" message="An element could not be located on the page using the given search parameters. (WARNING: The server did not provide any stacktrace information)
Command duration or timeout: 15.54 seconds
For documentation on this error, please visit: http://seleniumhq.org/exceptions/no_such_element.html
Build info: version: &#039;2.45.0&#039;, revision: &#039;32a636c&#039;, time: &#039;2015-03-05 22:01:35&#039;
System info: host: &#039;2012-20150403HL&#039;, ip: &#039;192.168.164.1&#039;, os.name: &#039;Windows 7&#039;, os.arch: &#039;amd64&#039;, os.version: &#039;6.1&#039;, java.version: &#039;1.7.0_25&#039;
*** Element info: {Using=xpath, value=//*[contains(@text,&#039;全部&#039;)]}
Session ID: a816dff0-f655-4181-98bf-ba116519a5d1
Driver info: io.appium.java_client.android.AndroidDriver
Capabilities [{platform=LINUX, javascriptEnabled=true, appActivity=.loading.BootingActivity, browserName=Android, networkConnectionEnabled=true, udid=5026a32e, desired={platformVersion=4.4.2, deviceName=MI_4LTE, platformName=Android, appActivity=.loading.BootingActivity, unicodeKeyboard=true, resetKeyboard=true, udid=5026a32e, appPackage=com.allin.social}, locationContextEnabled=false, appPackage=com.allin.social, platformVersion=4.4.4, databaseEnabled=false, platformName=Android, deviceName=5026a32e, webStorageEnabled=false, unicodeKeyboard=true, resetKeyboard=true, warnings={}, takesScreenshot=true}]">
      <![CDATA[org.openqa.selenium.NoSuchElementException: An element could not be located on the page using the given search parameters. (WARNING: The server did not provide any stacktrace information)
Command duration or timeout: 15.54 seconds
For documentation on this error, please visit: http://seleniumhq.org/exceptions/no_such_element.html
Build info: version: '2.45.0', revision: '32a636c', time: '2015-03-05 22:01:35'
System info: host: '2012-20150403HL', ip: '192.168.164.1', os.name: 'Windows 7', os.arch: 'amd64', os.version: '6.1', java.version: '1.7.0_25'
*** Element info: {Using=xpath, value=//*[contains(@text,'全部')]}
Session ID: a816dff0-f655-4181-98bf-ba116519a5d1
Driver info: io.appium.java_client.android.AndroidDriver
Capabilities [{platform=LINUX, javascriptEnabled=true, appActivity=.loading.BootingActivity, browserName=Android, networkConnectionEnabled=true, udid=5026a32e, desired={platformVersion=4.4.2, deviceName=MI_4LTE, platformName=Android, appActivity=.loading.BootingActivity, unicodeKeyboard=true, resetKeyboard=true, udid=5026a32e, appPackage=com.allin.social}, locationContextEnabled=false, appPackage=com.allin.social, platformVersion=4.4.4, databaseEnabled=false, platformName=Android, deviceName=5026a32e, webStorageEnabled=false, unicodeKeyboard=true, resetKeyboard=true, warnings={}, takesScreenshot=true}]
	at sun.reflect.NativeConstructorAccessorImpl.newInstance0(Native Method)
	at sun.reflect.NativeConstructorAccessorImpl.newInstance(Unknown Source)
	at sun.reflect.DelegatingConstructorAccessorImpl.newInstance(Unknown Source)
	at java.lang.reflect.Constructor.newInstance(Unknown Source)
	at org.openqa.selenium.remote.ErrorHandler.createThrowable(ErrorHandler.java:204)
	at org.openqa.selenium.remote.ErrorHandler.throwIfResponseFailed(ErrorHandler.java:156)
	at org.openqa.selenium.remote.RemoteWebDriver.execute(RemoteWebDriver.java:599)
	at io.appium.java_client.AppiumDriver.execute(AppiumDriver.java:180)
	at org.openqa.selenium.remote.RemoteWebDriver.findElement(RemoteWebDriver.java:352)
	at org.openqa.selenium.remote.RemoteWebDriver.findElementByXPath(RemoteWebDriver.java:449)
	at org.openqa.selenium.By$ByXPath.findElement(By.java:357)
	at org.openqa.selenium.remote.RemoteWebDriver.findElement(RemoteWebDriver.java:344)
	at com.allinmd.po.androiddriver.AuthPageElements.selectMajor(AuthPageElements.java:183)
	at com.allinmd.android.NotAuthCaseAccessCase.authAllmd(NotAuthCaseAccessCase.java:80)
	at sun.reflect.NativeMethodAccessorImpl.invoke0(Native Method)
	at sun.reflect.NativeMethodAccessorImpl.invoke(Unknown Source)
	at sun.reflect.DelegatingMethodAccessorImpl.invoke(Unknown Source)
	at java.lang.reflect.Method.invoke(Unknown Source)
	at org.testng.internal.MethodInvocationHelper.invokeMethod(MethodInvocationHelper.java:84)
	at org.testng.internal.InvokeMethodRunnable.runOne(InvokeMethodRunnable.java:46)
	at org.testng.internal.InvokeMethodRunnable.run(InvokeMethodRunnable.java:37)
	at java.util.concurrent.Executors$RunnableAdapter.call(Unknown Source)
	at java.util.concurrent.FutureTask$Sync.innerRun(Unknown Source)
	at java.util.concurrent.FutureTask.run(Unknown Source)
	at java.util.concurrent.ThreadPoolExecutor.runWorker(Unknown Source)
	at java.util.concurrent.ThreadPoolExecutor$Worker.run(Unknown Source)
	at java.lang.Thread.run(Unknown Source)
]]>
    </failure>
  </testcase> <!-- authAllmd -->
  <testcase name="notAuthCaseAccess" time="95.986" classname="com.allinmd.android.NotAuthCaseAccessCase">
    <failure type="java.lang.Throwable">
      <![CDATA[java.lang.Throwable
	at message : 未跳转到首页，是否登录失败，请检查！ expected [false] but found [true] in method : .notAuthCaseAccess(NotAuthCaseAccessCase:56)
	at com.allinmd.android.NotAuthCaseAccessCase.notAuthCaseAccess(NotAuthCaseAccessCase.java:56)
]]>
    </failure>
  </testcase> <!-- notAuthCaseAccess -->
</testsuite> <!-- com.allinmd.android.NotAuthCaseAccessCase -->
