<?xml version="1.0" encoding="UTF-8"?>
<!-- Generated by org.testng.reporters.JUnitXMLReporter -->
<testsuite hostname="2012-20150403HL" name="case09-未认证-病例终端页权限判断" tests="2" failures="1" timestamp="18 Sep 2015 03:23:22 GMT" time="190.704" errors="0">
  <testcase name="notAuthCaseAccess" time="66.843" classname="com.allinmd.android.NotAuthCaseAccessCase"/>
  <testcase name="authAllmd" time="98.843" classname="com.allinmd.android.NotAuthCaseAccessCase">
    <failure type="org.openqa.selenium.NoSuchElementException" message="An element could not be located on the page using the given search parameters. (WARNING: The server did not provide any stacktrace information)
Command duration or timeout: 15.39 seconds
For documentation on this error, please visit: http://seleniumhq.org/exceptions/no_such_element.html
Build info: version: &amp;apos;2.45.0&amp;apos;, revision: &amp;apos;32a636c&amp;apos;, time: &amp;apos;2015-03-05 22:01:35&amp;apos;
System info: host: &amp;apos;2012-20150403HL&amp;apos;, ip: &amp;apos;192.168.164.1&amp;apos;, os.name: &amp;apos;Windows 7&amp;apos;, os.arch: &amp;apos;amd64&amp;apos;, os.version: &amp;apos;6.1&amp;apos;, java.version: &amp;apos;1.7.0_25&amp;apos;
*** Element info: {Using=id, value=com.allin.social:id/tv_actionbar_name}
Session ID: cb481a9a-418b-49b5-a7c1-a52efc271df0
Driver info: io.appium.java_client.android.AndroidDriver
Capabilities [{platform=LINUX, javascriptEnabled=true, appActivity=.loading.BootingActivity, browserName=Android, networkConnectionEnabled=true, udid=5026a32e, desired={platformVersion=4.4.2, deviceName=MI_4LTE, platformName=Android, appActivity=.loading.BootingActivity, unicodeKeyboard=true, resetKeyboard=true, udid=5026a32e, appPackage=com.allin.social}, locationContextEnabled=false, appPackage=com.allin.social, platformVersion=4.4.4, databaseEnabled=false, platformName=Android, deviceName=5026a32e, webStorageEnabled=false, unicodeKeyboard=true, resetKeyboard=true, warnings={}, takesScreenshot=true}]">
      <![CDATA[org.openqa.selenium.NoSuchElementException: An element could not be located on the page using the given search parameters. (WARNING: The server did not provide any stacktrace information)
Command duration or timeout: 15.39 seconds
For documentation on this error, please visit: http://seleniumhq.org/exceptions/no_such_element.html
Build info: version: '2.45.0', revision: '32a636c', time: '2015-03-05 22:01:35'
System info: host: '2012-20150403HL', ip: '192.168.164.1', os.name: 'Windows 7', os.arch: 'amd64', os.version: '6.1', java.version: '1.7.0_25'
*** Element info: {Using=id, value=com.allin.social:id/tv_actionbar_name}
Session ID: cb481a9a-418b-49b5-a7c1-a52efc271df0
Driver info: io.appium.java_client.android.AndroidDriver
Capabilities [{platform=LINUX, javascriptEnabled=true, appActivity=.loading.BootingActivity, browserName=Android, networkConnectionEnabled=true, udid=5026a32e, desired={platformVersion=4.4.2, deviceName=MI_4LTE, platformName=Android, appActivity=.loading.BootingActivity, unicodeKeyboard=true, resetKeyboard=true, udid=5026a32e, appPackage=com.allin.social}, locationContextEnabled=false, appPackage=com.allin.social, platformVersion=4.4.4, databaseEnabled=false, platformName=Android, deviceName=5026a32e, webStorageEnabled=false, unicodeKeyboard=true, resetKeyboard=true, warnings={}, takesScreenshot=true}]
	at sun.reflect.NativeConstructorAccessorImpl.newInstance0(Native Method)
	at sun.reflect.NativeConstructorAccessorImpl.newInstance(Unknown Source)
	at sun.reflect.DelegatingConstructorAccessorImpl.newInstance(Unknown Source)
	at java.lang.reflect.Constructor.newInstance(Unknown Source)
	at org.openqa.selenium.remote.ErrorHandler.createThrowable(ErrorHandler.java:204)
	at org.openqa.selenium.remote.ErrorHandler.throwIfResponseFailed(ErrorHandler.java:156)
	at org.openqa.selenium.remote.RemoteWebDriver.execute(RemoteWebDriver.java:599)
	at io.appium.java_client.AppiumDriver.execute(AppiumDriver.java:180)
	at org.openqa.selenium.remote.RemoteWebDriver.findElement(RemoteWebDriver.java:352)
	at org.openqa.selenium.remote.RemoteWebDriver.findElementById(RemoteWebDriver.java:393)
	at org.openqa.selenium.By$ById.findElement(By.java:214)
	at org.openqa.selenium.remote.RemoteWebDriver.findElement(RemoteWebDriver.java:344)
	at com.allinmd.po.androiddriver.ListPageElements.assertListBar(ListPageElements.java:209)
	at com.allinmd.android.NotAuthCaseAccessCase.authAllmd(NotAuthCaseAccessCase.java:76)
	at sun.reflect.NativeMethodAccessorImpl.invoke0(Native Method)
	at sun.reflect.NativeMethodAccessorImpl.invoke(Unknown Source)
	at sun.reflect.DelegatingMethodAccessorImpl.invoke(Unknown Source)
	at java.lang.reflect.Method.invoke(Unknown Source)
	at org.testng.internal.MethodInvocationHelper.invokeMethod(MethodInvocationHelper.java:84)
	at org.testng.internal.InvokeMethodRunnable.runOne(InvokeMethodRunnable.java:46)
	at org.testng.internal.InvokeMethodRunnable.run(InvokeMethodRunnable.java:37)
	at java.util.concurrent.Executors$RunnableAdapter.call(Unknown Source)
	at java.util.concurrent.FutureTask$Sync.innerRun(Unknown Source)
	at java.util.concurrent.FutureTask.run(Unknown Source)
	at java.util.concurrent.ThreadPoolExecutor.runWorker(Unknown Source)
	at java.util.concurrent.ThreadPoolExecutor$Worker.run(Unknown Source)
	at java.lang.Thread.run(Unknown Source)
]]>
    </failure>
  </testcase> <!-- authAllmd -->
</testsuite> <!-- case09-未认证-病例终端页权限判断 -->
